{"/Users/benjamimfranciscodesousaneto/Documents/treinamento/clean-node-api/src/presentation/controllers/signup.ts": {"path":"/Users/benjamimfranciscodesousaneto/Documents/treinamento/clean-node-api/src/presentation/controllers/signup.ts","all":false,"statementMap":{"0":{"start":{"line":1,"column":0},"end":{"line":1,"column":60}},"1":{"start":{"line":2,"column":0},"end":{"line":2,"column":65}},"2":{"start":{"line":3,"column":0},"end":{"line":3,"column":51}},"3":{"start":{"line":4,"column":0},"end":{"line":4,"column":31}},"4":{"start":{"line":5,"column":0},"end":{"line":5,"column":51}},"5":{"start":{"line":6,"column":0},"end":{"line":6,"column":35}},"6":{"start":{"line":7,"column":0},"end":{"line":7,"column":60}},"7":{"start":{"line":8,"column":0},"end":{"line":8,"column":9}},"8":{"start":{"line":9,"column":0},"end":{"line":9,"column":36}},"9":{"start":{"line":10,"column":0},"end":{"line":10,"column":61}},"10":{"start":{"line":11,"column":0},"end":{"line":11,"column":9}},"11":{"start":{"line":12,"column":0},"end":{"line":12,"column":5}},"12":{"start":{"line":13,"column":0},"end":{"line":13,"column":1}}},"s":{"0":1,"1":1,"2":1,"3":1,"4":1,"5":2,"6":1,"7":1,"8":1,"9":1,"10":1,"11":2,"12":1},"branchMap":{"0":{"type":"branch","line":5,"loc":{"start":{"line":5,"column":4},"end":{"line":12,"column":5}},"locations":[{"start":{"line":5,"column":4},"end":{"line":12,"column":5}}]},"1":{"type":"branch","line":6,"loc":{"start":{"line":6,"column":34},"end":{"line":11,"column":9}},"locations":[{"start":{"line":6,"column":34},"end":{"line":11,"column":9}}]}},"b":{"0":[2],"1":[1]},"fnMap":{"0":{"name":"handle","decl":{"start":{"line":5,"column":4},"end":{"line":12,"column":5}},"loc":{"start":{"line":5,"column":4},"end":{"line":12,"column":5}},"line":5}},"f":{"0":2}}
,"/Users/benjamimfranciscodesousaneto/Documents/treinamento/clean-node-api/src/presentation/helpers/http-helper.ts": {"path":"/Users/benjamimfranciscodesousaneto/Documents/treinamento/clean-node-api/src/presentation/helpers/http-helper.ts","all":false,"statementMap":{"0":{"start":{"line":1,"column":0},"end":{"line":1,"column":46}},"1":{"start":{"line":2,"column":0},"end":{"line":2,"column":0}},"2":{"start":{"line":3,"column":0},"end":{"line":3,"column":58}},"3":{"start":{"line":4,"column":0},"end":{"line":4,"column":19}},"4":{"start":{"line":5,"column":0},"end":{"line":5,"column":14}},"5":{"start":{"line":6,"column":0},"end":{"line":6,"column":4}},"6":{"start":{"line":7,"column":0},"end":{"line":7,"column":2}}},"s":{"0":1,"1":1,"2":1,"3":2,"4":2,"5":2,"6":2},"branchMap":{"0":{"type":"branch","line":3,"loc":{"start":{"line":3,"column":26},"end":{"line":7,"column":2}},"locations":[{"start":{"line":3,"column":26},"end":{"line":7,"column":2}}]}},"b":{"0":[2]},"fnMap":{"0":{"name":"badRequest","decl":{"start":{"line":3,"column":26},"end":{"line":7,"column":2}},"loc":{"start":{"line":3,"column":26},"end":{"line":7,"column":2}},"line":3}},"f":{"0":2}}
}
