TN:
SF:src/presentation/controllers/signup.ts
FN:6,SignUpController
FN:9,handle
FNF:2
FNH:2
FNDA:5,SignUpController
FNDA:5,handle
DA:1,1
DA:2,1
DA:3,1
DA:4,1
DA:5,1
DA:6,1
DA:7,5
DA:8,5
DA:9,1
DA:10,5
DA:11,5
DA:12,5
DA:13,9
DA:14,2
DA:15,2
DA:16,9
DA:17,5
DA:18,5
DA:19,2
DA:20,2
DA:21,5
DA:22,1
DA:23,1
DA:24,5
DA:25,1
LF:25
LH:25
BRDA:6,0,0,5
BRDA:9,1,0,5
BRDA:12,2,0,9
BRDA:13,3,0,2
BRDA:18,4,0,2
BRDA:21,5,0,1
BRF:6
BRH:6
end_of_record
TN:
SF:src/presentation/errors/index.ts
FNF:0
FNH:0
DA:1,1
DA:2,1
DA:3,1
LF:3
LH:3
BRF:0
BRH:0
end_of_record
TN:
SF:src/presentation/errors/invalid-param-error.ts
FN:2,InvalidParamError
FNF:1
FNH:1
FNDA:3,InvalidParamError
DA:1,1
DA:2,1
DA:3,3
DA:4,3
DA:5,3
DA:6,1
LF:6
LH:6
BRDA:2,0,0,3
BRF:1
BRH:1
end_of_record
TN:
SF:src/presentation/helpers/http-helper.ts
FN:4,badRequest
FN:9,serverError
FNF:2
FNH:2
FNDA:4,badRequest
FNDA:1,serverError
DA:1,1
DA:2,1
DA:3,1
DA:4,1
DA:5,4
DA:6,4
DA:7,4
DA:8,1
DA:9,1
DA:10,1
DA:11,1
DA:12,1
LF:12
LH:12
BRDA:4,0,0,4
BRDA:9,1,0,1
BRF:2
BRH:2
end_of_record
TN:
SF:src/presentation/protocols/index.ts
FN:1,(empty-report)
FNF:1
FNH:0
FNDA:0,(empty-report)
DA:1,0
DA:2,0
DA:3,0
LF:3
LH:0
BRDA:1,0,0,0
BRF:1
BRH:0
end_of_record
